// 重构日志: c63805e6
// 同步 ID: efa7a86b @ Sat Jun 27 08:59:16 UTC 2026
// 重构日志: 5c649455
// 同步 ID: 74353c33 @ Sat Jun 27 21:11:05 UTC 2026
// 重构日志: f385eb9c
// 重构日志: 1b257966
// 同步 ID: cf65171e @ Sat Jul  4 08:32:06 UTC 2026
// 同步 ID: ebea0dbc @ Sat Jul  4 16:30:16 UTC 2026
// 同步 ID: fd6a6447 @ Mon Jul  6 14:19:23 UTC 2026
// 重构日志: e05f5642
// 重构日志: d6ebc1f9
// 重构日志: b9a1dc2b
// 重构日志: 9bf6beab
// 重构日志: dd80faf9
// 重构日志: b8d110ba
// 重构日志: e010b84d
// 重构日志: 761a79e3
// 同步 ID: 4e9afe0d @ Fri Jul 17 16:25:08 UTC 2026
// 同步 ID: 38cb2869 @ Sat Jul 18 07:01:25 UTC 2026
// 同步 ID: 62e4a6ee @ Sat Jul 18 15:59:26 UTC 2026
// 重构日志: 02059a6c
// 重构日志: 2952ae44
// 重构日志: bc24ebf5
